{"/Users/sam/Projects/closest5/heap.js":{"path":"/Users/sam/Projects/closest5/heap.js","s":{"1":1,"2":1,"3":1,"4":217,"5":1,"6":1,"7":1,"8":5,"9":5,"10":5,"11":5,"12":1,"13":1,"14":9995,"15":9995,"16":9995,"17":40,"18":40,"19":40,"20":1,"21":5,"22":1},"b":{"1":[40,9955]},"f":{"1":1,"2":217},"fnMap":{"1":{"name":"findClosest","line":9,"loc":{"start":{"line":9,"column":17},"end":{"line":9,"column":48}}},"2":{"name":"byDistance","line":13,"loc":{"start":{"line":13,"column":2},"end":{"line":13,"column":31}}}},"statementMap":{"1":{"start":{"line":9,"column":0},"end":{"line":52,"column":1}},"2":{"start":{"line":10,"column":2},"end":{"line":10,"column":18}},"3":{"start":{"line":13,"column":2},"end":{"line":15,"column":3}},"4":{"start":{"line":14,"column":4},"end":{"line":14,"column":22}},"5":{"start":{"line":19,"column":2},"end":{"line":19,"column":28}},"6":{"start":{"line":20,"column":2},"end":{"line":20,"column":21}},"7":{"start":{"line":21,"column":2},"end":{"line":29,"column":3}},"8":{"start":{"line":22,"column":4},"end":{"line":22,"column":20}},"9":{"start":{"line":23,"column":4},"end":{"line":23,"column":38}},"10":{"start":{"line":24,"column":4},"end":{"line":27,"column":5}},"11":{"start":{"line":28,"column":4},"end":{"line":28,"column":49}},"12":{"start":{"line":30,"column":2},"end":{"line":30,"column":26}},"13":{"start":{"line":33,"column":2},"end":{"line":44,"column":3}},"14":{"start":{"line":34,"column":4},"end":{"line":34,"column":16}},"15":{"start":{"line":35,"column":4},"end":{"line":35,"column":34}},"16":{"start":{"line":36,"column":4},"end":{"line":43,"column":5}},"17":{"start":{"line":37,"column":6},"end":{"line":40,"column":7}},"18":{"start":{"line":41,"column":6},"end":{"line":41,"column":30}},"19":{"start":{"line":42,"column":6},"end":{"line":42,"column":36}},"20":{"start":{"line":47,"column":2},"end":{"line":49,"column":3}},"21":{"start":{"line":48,"column":4},"end":{"line":48,"column":29}},"22":{"start":{"line":51,"column":2},"end":{"line":51,"column":16}}},"branchMap":{"1":{"line":36,"type":"if","locations":[{"start":{"line":36,"column":4},"end":{"line":36,"column":4}},{"start":{"line":36,"column":4},"end":{"line":36,"column":4}}]}}},"/Users/sam/Projects/closest5/sort.js":{"path":"/Users/sam/Projects/closest5/sort.js","s":{"1":1,"2":1,"3":138027},"b":{},"f":{"1":1,"2":138027},"fnMap":{"1":{"name":"findClosest","line":9,"loc":{"start":{"line":9,"column":17},"end":{"line":9,"column":48}}},"2":{"name":"(anonymous_2)","line":14,"loc":{"start":{"line":14,"column":10},"end":{"line":14,"column":28}}}},"statementMap":{"1":{"start":{"line":9,"column":0},"end":{"line":19,"column":1}},"2":{"start":{"line":10,"column":2},"end":{"line":18,"column":16}},"3":{"start":{"line":15,"column":6},"end":{"line":15,"column":48}}},"branchMap":{}}}