TN:
SF:/Users/sam/Projects/closest5/heap.js
FN:9,findClosest
FN:13,byDistance
FNF:2
FNH:2
FNDA:1,findClosest
FNDA:217,byDistance
DA:9,1
DA:10,1
DA:13,1
DA:14,217
DA:19,1
DA:20,1
DA:21,1
DA:22,5
DA:23,5
DA:24,5
DA:28,5
DA:30,1
DA:33,1
DA:34,9995
DA:35,9995
DA:36,9995
DA:37,40
DA:41,40
DA:42,40
DA:47,1
DA:48,5
DA:51,1
LF:22
LH:22
BRDA:36,1,0,40
BRDA:36,1,1,9955
BRF:2
BRH:2
end_of_record
TN:
SF:/Users/sam/Projects/closest5/sort.js
FN:9,findClosest
FN:14,(anonymous_2)
FNF:2
FNH:2
FNDA:1,findClosest
FNDA:138027,(anonymous_2)
DA:9,1
DA:10,1
DA:15,138027
LF:3
LH:3
BRF:0
BRH:0
end_of_record
